<?xml version="1.0" encoding="UTF-8"?>
<!-- Generated by org.testng.reporters.JUnitReportReporter -->
<testsuite hostname="MSI" failures="0" tests="1" name="com.careerhack.runners.SmokeTestRunner" time="7.821" errors="0" timestamp="2022-05-11T23:42:10 EDT" skipped="0">
  <testcase classname="com.careerhack.runners.SmokeTestRunner" name="runScenario" time="7.821"/>
  <system-out/>
</testsuite> <!-- com.careerhack.runners.SmokeTestRunner -->
